{"/Users/Denis/projects/packlink-js-sdk/lib/index.js":{"path":"/Users/Denis/projects/packlink-js-sdk/lib/index.js","s":{"1":1,"2":1,"3":1,"4":1},"b":{},"f":{},"fnMap":{},"statementMap":{"1":{"start":{"line":3,"column":0},"end":{"line":3,"column":39}},"2":{"start":{"line":4,"column":0},"end":{"line":4,"column":43}},"3":{"start":{"line":5,"column":0},"end":{"line":5,"column":38}},"4":{"start":{"line":7,"column":0},"end":{"line":10,"column":2}}},"branchMap":{}},"/Users/Denis/projects/packlink-js-sdk/lib/requestor.js":{"path":"/Users/Denis/projects/packlink-js-sdk/lib/requestor.js","s":{"1":1,"2":1,"3":1,"4":1,"5":1,"6":0,"7":0,"8":0,"9":0,"10":1,"11":1,"12":1,"13":0,"14":0,"15":0,"16":0,"17":0,"18":1,"19":0,"20":1},"b":{"1":[0,0],"2":[0,0]},"f":{"1":0,"2":0,"3":1,"4":0,"5":0},"fnMap":{"1":{"name":"(anonymous_1)","line":11,"loc":{"start":{"line":11,"column":32},"end":{"line":11,"column":44}}},"2":{"name":"(anonymous_2)","line":13,"loc":{"start":{"line":13,"column":17},"end":{"line":13,"column":32}}},"3":{"name":"Requestor","line":23,"loc":{"start":{"line":23,"column":0},"end":{"line":23,"column":27}}},"4":{"name":"(anonymous_4)","line":27,"loc":{"start":{"line":27,"column":30},"end":{"line":27,"column":54}}},"5":{"name":"(anonymous_5)","line":36,"loc":{"start":{"line":36,"column":31},"end":{"line":36,"column":48}}}},"statementMap":{"1":{"start":{"line":3,"column":0},"end":{"line":3,"column":25}},"2":{"start":{"line":4,"column":0},"end":{"line":4,"column":28}},"3":{"start":{"line":7,"column":0},"end":{"line":7,"column":36}},"4":{"start":{"line":10,"column":0},"end":{"line":10,"column":40}},"5":{"start":{"line":11,"column":0},"end":{"line":21,"column":2}},"6":{"start":{"line":12,"column":2},"end":{"line":12,"column":27}},"7":{"start":{"line":13,"column":2},"end":{"line":19,"column":5}},"8":{"start":{"line":14,"column":4},"end":{"line":18,"column":7}},"9":{"start":{"line":20,"column":2},"end":{"line":20,"column":26}},"10":{"start":{"line":23,"column":0},"end":{"line":25,"column":1}},"11":{"start":{"line":24,"column":2},"end":{"line":24,"column":23}},"12":{"start":{"line":27,"column":0},"end":{"line":34,"column":2}},"13":{"start":{"line":28,"column":2},"end":{"line":28,"column":56}},"14":{"start":{"line":29,"column":2},"end":{"line":29,"column":38}},"15":{"start":{"line":30,"column":2},"end":{"line":32,"column":3}},"16":{"start":{"line":31,"column":4},"end":{"line":31,"column":48}},"17":{"start":{"line":33,"column":2},"end":{"line":33,"column":13}},"18":{"start":{"line":36,"column":0},"end":{"line":38,"column":2}},"19":{"start":{"line":37,"column":2},"end":{"line":37,"column":28}},"20":{"start":{"line":40,"column":0},"end":{"line":40,"column":27}}},"branchMap":{"1":{"line":14,"type":"cond-expr","locations":[{"start":{"line":14,"column":25},"end":{"line":14,"column":33}},{"start":{"line":14,"column":36},"end":{"line":14,"column":45}}]},"2":{"line":30,"type":"if","locations":[{"start":{"line":30,"column":2},"end":{"line":30,"column":2}},{"start":{"line":30,"column":2},"end":{"line":30,"column":2}}]}}},"/Users/Denis/projects/packlink-js-sdk/lib/config/env/index.js":{"path":"/Users/Denis/projects/packlink-js-sdk/lib/config/env/index.js","s":{"1":1,"2":1,"3":1},"b":{"1":[1,1],"2":[1,0]},"f":{},"fnMap":{},"statementMap":{"1":{"start":{"line":3,"column":0},"end":{"line":3,"column":27}},"2":{"start":{"line":5,"column":0},"end":{"line":7,"column":2}},"3":{"start":{"line":9,"column":0},"end":{"line":9,"column":66}}},"branchMap":{"1":{"line":6,"type":"binary-expr","locations":[{"start":{"line":6,"column":7},"end":{"line":6,"column":27}},{"start":{"line":6,"column":31},"end":{"line":6,"column":44}}]},"2":{"line":9,"type":"binary-expr","locations":[{"start":{"line":9,"column":31},"end":{"line":9,"column":58}},{"start":{"line":9,"column":62},"end":{"line":9,"column":64}}]}}},"/Users/Denis/projects/packlink-js-sdk/lib/config/env/development.js":{"path":"/Users/Denis/projects/packlink-js-sdk/lib/config/env/development.js","s":{"1":1},"b":{},"f":{},"fnMap":{},"statementMap":{"1":{"start":{"line":3,"column":0},"end":{"line":7,"column":2}}},"branchMap":{}},"/Users/Denis/projects/packlink-js-sdk/lib/services/shipments-service.js":{"path":"/Users/Denis/projects/packlink-js-sdk/lib/services/shipments-service.js","s":{"1":1,"2":1,"3":1,"4":1,"5":0,"6":0,"7":0,"8":0,"9":0,"10":0,"11":1},"b":{},"f":{"1":1,"2":0,"3":0,"4":0,"5":0,"6":0,"7":0},"fnMap":{"1":{"name":"shipmentsService","line":7,"loc":{"start":{"line":7,"column":0},"end":{"line":7,"column":37}}},"2":{"name":"(anonymous_2)","line":9,"loc":{"start":{"line":9,"column":20},"end":{"line":9,"column":36}}},"3":{"name":"(anonymous_3)","line":13,"loc":{"start":{"line":13,"column":18},"end":{"line":13,"column":43}}},"4":{"name":"(anonymous_4)","line":17,"loc":{"start":{"line":17,"column":16},"end":{"line":17,"column":30}}},"5":{"name":"(anonymous_5)","line":21,"loc":{"start":{"line":21,"column":20},"end":{"line":21,"column":34}}},"6":{"name":"(anonymous_6)","line":25,"loc":{"start":{"line":25,"column":14},"end":{"line":25,"column":28}}},"7":{"name":"(anonymous_7)","line":29,"loc":{"start":{"line":29,"column":19},"end":{"line":29,"column":33}}}},"statementMap":{"1":{"start":{"line":3,"column":0},"end":{"line":3,"column":38}},"2":{"start":{"line":5,"column":0},"end":{"line":5,"column":48}},"3":{"start":{"line":7,"column":0},"end":{"line":33,"column":1}},"4":{"start":{"line":8,"column":2},"end":{"line":32,"column":4}},"5":{"start":{"line":10,"column":6},"end":{"line":10,"column":74}},"6":{"start":{"line":14,"column":6},"end":{"line":14,"column":92}},"7":{"start":{"line":18,"column":6},"end":{"line":18,"column":65}},"8":{"start":{"line":22,"column":6},"end":{"line":22,"column":65}},"9":{"start":{"line":26,"column":6},"end":{"line":26,"column":77}},"10":{"start":{"line":30,"column":6},"end":{"line":30,"column":76}},"11":{"start":{"line":35,"column":0},"end":{"line":35,"column":34}}},"branchMap":{}},"/Users/Denis/projects/packlink-js-sdk/lib/services/user-service.js":{"path":"/Users/Denis/projects/packlink-js-sdk/lib/services/user-service.js","s":{"1":1,"2":1,"3":1,"4":1,"5":1,"6":0,"7":0,"8":0,"9":0,"10":0,"11":0,"12":1,"13":0,"14":0,"15":0,"16":1},"b":{},"f":{"1":1,"2":0,"3":0,"4":0,"5":1,"6":0,"7":0,"8":0},"fnMap":{"1":{"name":"userService","line":3,"loc":{"start":{"line":3,"column":0},"end":{"line":3,"column":32}}},"2":{"name":"(anonymous_2)","line":8,"loc":{"start":{"line":8,"column":11},"end":{"line":8,"column":27}}},"3":{"name":"(anonymous_3)","line":12,"loc":{"start":{"line":12,"column":14},"end":{"line":12,"column":29}}},"4":{"name":"(anonymous_4)","line":18,"loc":{"start":{"line":18,"column":12},"end":{"line":18,"column":24}}},"5":{"name":"(anonymous_5)","line":24,"loc":{"start":{"line":24,"column":16},"end":{"line":24,"column":28}}},"6":{"name":"(anonymous_6)","line":28,"loc":{"start":{"line":28,"column":17},"end":{"line":28,"column":29}}},"7":{"name":"(anonymous_7)","line":31,"loc":{"start":{"line":31,"column":14},"end":{"line":31,"column":30}}},"8":{"name":"(anonymous_8)","line":36,"loc":{"start":{"line":36,"column":13},"end":{"line":36,"column":25}}}},"statementMap":{"1":{"start":{"line":1,"column":0},"end":{"line":1,"column":14}},"2":{"start":{"line":3,"column":0},"end":{"line":40,"column":1}},"3":{"start":{"line":4,"column":2},"end":{"line":4,"column":25}},"4":{"start":{"line":5,"column":2},"end":{"line":5,"column":25}},"5":{"start":{"line":7,"column":2},"end":{"line":39,"column":4}},"6":{"start":{"line":9,"column":6},"end":{"line":15,"column":11}},"7":{"start":{"line":13,"column":10},"end":{"line":13,"column":45}},"8":{"start":{"line":14,"column":10},"end":{"line":14,"column":28}},"9":{"start":{"line":19,"column":6},"end":{"line":19,"column":25}},"10":{"start":{"line":20,"column":6},"end":{"line":20,"column":25}},"11":{"start":{"line":21,"column":6},"end":{"line":21,"column":31}},"12":{"start":{"line":25,"column":6},"end":{"line":25,"column":24}},"13":{"start":{"line":29,"column":6},"end":{"line":33,"column":11}},"14":{"start":{"line":32,"column":10},"end":{"line":32,"column":29}},"15":{"start":{"line":37,"column":6},"end":{"line":37,"column":59}},"16":{"start":{"line":42,"column":0},"end":{"line":42,"column":29}}},"branchMap":{}}}