TN:
SF:/Users/Denis/projects/packlink-js-sdk/lib/index.js
FNF:0
FNH:0
DA:3,1
DA:4,1
DA:5,1
DA:7,1
LF:4
LH:4
BRF:0
BRH:0
end_of_record
TN:
SF:/Users/Denis/projects/packlink-js-sdk/lib/requestor.js
FN:11,(anonymous_1)
FN:13,(anonymous_2)
FN:23,Requestor
FN:27,(anonymous_4)
FN:36,(anonymous_5)
FNF:5
FNH:1
FNDA:0,(anonymous_1)
FNDA:0,(anonymous_2)
FNDA:1,Requestor
FNDA:0,(anonymous_4)
FNDA:0,(anonymous_5)
DA:3,1
DA:4,1
DA:7,1
DA:10,1
DA:11,1
DA:12,0
DA:13,0
DA:14,0
DA:20,0
DA:23,1
DA:24,1
DA:27,1
DA:28,0
DA:29,0
DA:30,0
DA:31,0
DA:33,0
DA:36,1
DA:37,0
DA:40,1
LF:20
LH:10
BRDA:14,1,0,0
BRDA:14,1,1,0
BRDA:30,2,0,0
BRDA:30,2,1,0
BRF:4
BRH:0
end_of_record
TN:
SF:/Users/Denis/projects/packlink-js-sdk/lib/config/env/index.js
FNF:0
FNH:0
DA:3,1
DA:5,1
DA:9,1
LF:3
LH:3
BRDA:6,1,0,1
BRDA:6,1,1,1
BRDA:9,2,0,1
BRDA:9,2,1,0
BRF:4
BRH:3
end_of_record
TN:
SF:/Users/Denis/projects/packlink-js-sdk/lib/config/env/development.js
FNF:0
FNH:0
DA:3,1
LF:1
LH:1
BRF:0
BRH:0
end_of_record
TN:
SF:/Users/Denis/projects/packlink-js-sdk/lib/services/shipments-service.js
FN:7,shipmentsService
FN:9,(anonymous_2)
FN:13,(anonymous_3)
FN:17,(anonymous_4)
FN:21,(anonymous_5)
FN:25,(anonymous_6)
FN:29,(anonymous_7)
FNF:7
FNH:1
FNDA:1,shipmentsService
FNDA:0,(anonymous_2)
FNDA:0,(anonymous_3)
FNDA:0,(anonymous_4)
FNDA:0,(anonymous_5)
FNDA:0,(anonymous_6)
FNDA:0,(anonymous_7)
DA:3,1
DA:5,1
DA:7,1
DA:8,1
DA:10,0
DA:14,0
DA:18,0
DA:22,0
DA:26,0
DA:30,0
DA:35,1
LF:11
LH:5
BRF:0
BRH:0
end_of_record
TN:
SF:/Users/Denis/projects/packlink-js-sdk/lib/services/user-service.js
FN:3,userService
FN:8,(anonymous_2)
FN:12,(anonymous_3)
FN:18,(anonymous_4)
FN:24,(anonymous_5)
FN:28,(anonymous_6)
FN:31,(anonymous_7)
FN:36,(anonymous_8)
FNF:8
FNH:2
FNDA:1,userService
FNDA:0,(anonymous_2)
FNDA:0,(anonymous_3)
FNDA:0,(anonymous_4)
FNDA:1,(anonymous_5)
FNDA:0,(anonymous_6)
FNDA:0,(anonymous_7)
FNDA:0,(anonymous_8)
DA:1,1
DA:3,1
DA:4,1
DA:5,1
DA:7,1
DA:9,0
DA:13,0
DA:14,0
DA:19,0
DA:20,0
DA:21,0
DA:25,1
DA:29,0
DA:32,0
DA:37,0
DA:42,1
LF:16
LH:7
BRF:0
BRH:0
end_of_record
